<?xml version="1.0" encoding="UTF-8"?>
<testsuite xmlns:xsi="http://www.w3.org/2001/XMLSchema-instance" xsi:noNamespaceSchemaLocation="https://maven.apache.org/surefire/maven-surefire-plugin/xsd/surefire-test-report.xsd" version="3.0.1" name="com.itview.selenium_itview_cucumber.TestRunner" time="12.189" tests="5" errors="4" skipped="0" failures="0">
  <properties>
[...]
</properties>
  <testcase name="Test Case to verify Login functionality with valid username and password" classname="Login Functionality" time="11.354">
    <system-out><![CDATA[
Scenario: Test Case to verify Login functionality with valid username and password &amp#27;[90m# Feature/Login.feature:3&amp#27;[0m
  &amp#27;[32mGiven &amp#27;[0m&amp#27;[32mBrowser should be open with login page&amp#27;[0m                                     &amp#27;[90m# com.itview.selenium_itview_cucumber.Login_test.browser_should_be_open_with_login_page()&amp#27;[0m
  &amp#27;[32mWhen &amp#27;[0m&amp#27;[32mUser should enter Username and Password and click on login button&amp#27;[0m           &amp#27;[90m# com.itview.selenium_itview_cucumber.Login_test.user_should_enter_username_and_password_and_click_on_login_button()&amp#27;[0m
  &amp#27;[32mThen &amp#27;[0m&amp#27;[32mHome Page should get open and title should be Altoro Mutual&amp#27;[0m                 &amp#27;[90m# com.itview.selenium_itview_cucumber.Login_test.home_page_should_get_open_and_title_should_be_altoro_mutual()&amp#27;[0m
]]></system-out>
    <system-err><![CDATA[Jan 05, 2025 1:32:24 PM org.openqa.selenium.devtools.CdpVersionFinder findNearestMatch
WARNING: Unable to find an exact match for CDP version 131, returning the closest version; found: 129; Please update to a Selenium version that supports CDP version 131
]]></system-err>
  </testcase>
  <testcase name=" #1" classname="Calculator Functionality" time="0.089">
    <error message="The step &quot;Application url for testing&quot; is undefined. You can implement it using the snippet(s) below:&#10;&#10;@Given(&quot;Application url for testing&quot;)&#10;public void application_url_for_testing() {&#10;    // Write code here that turns the phrase above into concrete actions&#10;    throw new io.cucumber.java.PendingException();&#10;}&#10;&#10;&#10;Some other steps were also undefined:&#10;&#10;@When(&quot;User should enter two enter and perform Addition operation&quot;)&#10;public void user_should_enter_two_enter_and_perform_addition_operation() {&#10;    // Write code here that turns the phrase above into concrete actions&#10;    throw new io.cucumber.java.PendingException();&#10;}&#10;@Then(&quot;Result should get display and verify output value for Addition.&quot;)&#10;public void result_should_get_display_and_verify_output_value_for_addition() {&#10;    // Write code here that turns the phrase above into concrete actions&#10;    throw new io.cucumber.java.PendingException();&#10;}&#10;" type="io.cucumber.junit.UndefinedStepException"><![CDATA[io.cucumber.junit.UndefinedStepException: 
The step "Application url for testing" is undefined. You can implement it using the snippet(s) below:

@Given("Application url for testing")
public void application_url_for_testing() {
    // Write code here that turns the phrase above into concrete actions
    throw new io.cucumber.java.PendingException();
}


Some other steps were also undefined:

@When("User should enter two enter and perform Addition operation")
public void user_should_enter_two_enter_and_perform_addition_operation() {
    // Write code here that turns the phrase above into concrete actions
    throw new io.cucumber.java.PendingException();
}
@Then("Result should get display and verify output value for Addition.")
public void result_should_get_display_and_verify_output_value_for_addition() {
    // Write code here that turns the phrase above into concrete actions
    throw new io.cucumber.java.PendingException();
}

]]></error>
    <system-out><![CDATA[
Scenario:                                                              &amp#27;[90m# Feature/calculator.feature:6&amp#27;[0m
  &amp#27;[33mGiven &amp#27;[0m&amp#27;[33mApplication url for testing&amp#27;[0m                                    &amp#27;[90m# null&amp#27;[0m
  &amp#27;[36mWhen &amp#27;[0m&amp#27;[36mUser should enter two enter and perform Addition operation&amp#27;[0m      &amp#27;[90m# null&amp#27;[0m
  &amp#27;[36mThen &amp#27;[0m&amp#27;[36mResult should get display and verify output value for Addition.&amp#27;[0m &amp#27;[90m# null&amp#27;[0m
]]></system-out>
  </testcase>
  <testcase name=" #2" classname="Calculator Functionality" time="0.016">
    <error message="The step &quot;Application url for testing&quot; is undefined. You can implement it using the snippet(s) below:&#10;&#10;@Given(&quot;Application url for testing&quot;)&#10;public void application_url_for_testing() {&#10;    // Write code here that turns the phrase above into concrete actions&#10;    throw new io.cucumber.java.PendingException();&#10;}&#10;&#10;&#10;Some other steps were also undefined:&#10;&#10;@When(&quot;User should enter two enter and perform subtraction operation&quot;)&#10;public void user_should_enter_two_enter_and_perform_subtraction_operation() {&#10;    // Write code here that turns the phrase above into concrete actions&#10;    throw new io.cucumber.java.PendingException();&#10;}&#10;@Then(&quot;Result should get display and verify output value for subtraction  .&quot;)&#10;public void result_should_get_display_and_verify_output_value_for_subtraction() {&#10;    // Write code here that turns the phrase above into concrete actions&#10;    throw new io.cucumber.java.PendingException();&#10;}&#10;" type="io.cucumber.junit.UndefinedStepException"><![CDATA[io.cucumber.junit.UndefinedStepException: 
The step "Application url for testing" is undefined. You can implement it using the snippet(s) below:

@Given("Application url for testing")
public void application_url_for_testing() {
    // Write code here that turns the phrase above into concrete actions
    throw new io.cucumber.java.PendingException();
}


Some other steps were also undefined:

@When("User should enter two enter and perform subtraction operation")
public void user_should_enter_two_enter_and_perform_subtraction_operation() {
    // Write code here that turns the phrase above into concrete actions
    throw new io.cucumber.java.PendingException();
}
@Then("Result should get display and verify output value for subtraction  .")
public void result_should_get_display_and_verify_output_value_for_subtraction() {
    // Write code here that turns the phrase above into concrete actions
    throw new io.cucumber.java.PendingException();
}

]]></error>
    <system-out><![CDATA[
Scenario:                                                                   &amp#27;[90m# Feature/calculator.feature:13&amp#27;[0m
  &amp#27;[33mGiven &amp#27;[0m&amp#27;[33mApplication url for testing&amp#27;[0m                                         &amp#27;[90m# null&amp#27;[0m
  &amp#27;[36mWhen &amp#27;[0m&amp#27;[36mUser should enter two enter and perform subtraction operation&amp#27;[0m        &amp#27;[90m# null&amp#27;[0m
  &amp#27;[36mThen &amp#27;[0m&amp#27;[36mResult should get display and verify output value for subtraction  .&amp#27;[0m &amp#27;[90m# null&amp#27;[0m
]]></system-out>
  </testcase>
  <testcase name=" #3" classname="Calculator Functionality" time="0.005">
    <error message="The step &quot;Application url for testing&quot; is undefined. You can implement it using the snippet(s) below:&#10;&#10;@Given(&quot;Application url for testing&quot;)&#10;public void application_url_for_testing() {&#10;    // Write code here that turns the phrase above into concrete actions&#10;    throw new io.cucumber.java.PendingException();&#10;}&#10;&#10;&#10;Some other steps were also undefined:&#10;&#10;@When(&quot;User should enter two enter and perform multiplication operation&quot;)&#10;public void user_should_enter_two_enter_and_perform_multiplication_operation() {&#10;    // Write code here that turns the phrase above into concrete actions&#10;    throw new io.cucumber.java.PendingException();&#10;}&#10;@Then(&quot;Result should get display and verify output value for multiplication .&quot;)&#10;public void result_should_get_display_and_verify_output_value_for_multiplication() {&#10;    // Write code here that turns the phrase above into concrete actions&#10;    throw new io.cucumber.java.PendingException();&#10;}&#10;" type="io.cucumber.junit.UndefinedStepException"><![CDATA[io.cucumber.junit.UndefinedStepException: 
The step "Application url for testing" is undefined. You can implement it using the snippet(s) below:

@Given("Application url for testing")
public void application_url_for_testing() {
    // Write code here that turns the phrase above into concrete actions
    throw new io.cucumber.java.PendingException();
}


Some other steps were also undefined:

@When("User should enter two enter and perform multiplication operation")
public void user_should_enter_two_enter_and_perform_multiplication_operation() {
    // Write code here that turns the phrase above into concrete actions
    throw new io.cucumber.java.PendingException();
}
@Then("Result should get display and verify output value for multiplication .")
public void result_should_get_display_and_verify_output_value_for_multiplication() {
    // Write code here that turns the phrase above into concrete actions
    throw new io.cucumber.java.PendingException();
}

]]></error>
    <system-out><![CDATA[
Scenario:                                                                     &amp#27;[90m# Feature/calculator.feature:20&amp#27;[0m
  &amp#27;[33mGiven &amp#27;[0m&amp#27;[33mApplication url for testing&amp#27;[0m                                           &amp#27;[90m# null&amp#27;[0m
  &amp#27;[36mWhen &amp#27;[0m&amp#27;[36mUser should enter two enter and perform multiplication operation&amp#27;[0m       &amp#27;[90m# null&amp#27;[0m
  &amp#27;[36mThen &amp#27;[0m&amp#27;[36mResult should get display and verify output value for multiplication .&amp#27;[0m &amp#27;[90m# null&amp#27;[0m
]]></system-out>
  </testcase>
  <testcase name=" #4" classname="Calculator Functionality" time="0.013">
    <error message="The step &quot;Application url for testing&quot; is undefined. You can implement it using the snippet(s) below:&#10;&#10;@Given(&quot;Application url for testing&quot;)&#10;public void application_url_for_testing() {&#10;    // Write code here that turns the phrase above into concrete actions&#10;    throw new io.cucumber.java.PendingException();&#10;}&#10;&#10;&#10;Some other steps were also undefined:&#10;&#10;@When(&quot;User should enter two enter and perform division operation&quot;)&#10;public void user_should_enter_two_enter_and_perform_division_operation() {&#10;    // Write code here that turns the phrase above into concrete actions&#10;    throw new io.cucumber.java.PendingException();&#10;}&#10;@Then(&quot;Result should get display and verify output value for division .&quot;)&#10;public void result_should_get_display_and_verify_output_value_for_division() {&#10;    // Write code here that turns the phrase above into concrete actions&#10;    throw new io.cucumber.java.PendingException();&#10;}&#10;" type="io.cucumber.junit.UndefinedStepException"><![CDATA[io.cucumber.junit.UndefinedStepException: 
The step "Application url for testing" is undefined. You can implement it using the snippet(s) below:

@Given("Application url for testing")
public void application_url_for_testing() {
    // Write code here that turns the phrase above into concrete actions
    throw new io.cucumber.java.PendingException();
}


Some other steps were also undefined:

@When("User should enter two enter and perform division operation")
public void user_should_enter_two_enter_and_perform_division_operation() {
    // Write code here that turns the phrase above into concrete actions
    throw new io.cucumber.java.PendingException();
}
@Then("Result should get display and verify output value for division .")
public void result_should_get_display_and_verify_output_value_for_division() {
    // Write code here that turns the phrase above into concrete actions
    throw new io.cucumber.java.PendingException();
}

]]></error>
    <system-out><![CDATA[
Scenario:                                                               &amp#27;[90m# Feature/calculator.feature:27&amp#27;[0m
  &amp#27;[33mGiven &amp#27;[0m&amp#27;[33mApplication url for testing&amp#27;[0m                                     &amp#27;[90m# null&amp#27;[0m
  &amp#27;[36mWhen &amp#27;[0m&amp#27;[36mUser should enter two enter and perform division operation&amp#27;[0m       &amp#27;[90m# null&amp#27;[0m
  &amp#27;[36mThen &amp#27;[0m&amp#27;[36mResult should get display and verify output value for division .&amp#27;[0m &amp#27;[90m# null&amp#27;[0m
]]></system-out>
  </testcase>
</testsuite>